2020-12-30 01:39:57.844  INFO 32100 --- [restartedMain] c.b.a.AddressBookApplication             : Starting AddressBookApplication using Java 15 on LAPTOP-3DI0D855 with PID 32100 (C:\Users\sippo\Documents\workspace-spring-tool-suite-4-4.8.1.RELEASE\AddressBookApp\target\classes started by sippo in C:\Users\sippo\Documents\workspace-spring-tool-suite-4-4.8.1.RELEASE\AddressBookApp)
2020-12-30 01:39:57.853 DEBUG 32100 --- [restartedMain] c.b.a.AddressBookApplication             : Running with Spring Boot v2.4.1, Spring v5.3.2
2020-12-30 01:39:57.853  INFO 32100 --- [restartedMain] c.b.a.AddressBookApplication             : No active profile set, falling back to default profiles: default
2020-12-30 01:40:04.507  WARN 32100 --- [restartedMain] JpaBaseConfiguration$JpaWebConfiguration : spring.jpa.open-in-view is enabled by default. Therefore, database queries may be performed during view rendering. Explicitly configure spring.jpa.open-in-view to disable this warning
2020-12-30 01:40:05.268  INFO 32100 --- [restartedMain] c.b.a.AddressBookApplication             : Started AddressBookApplication in 8.354 seconds (JVM running for 11.014)
2020-12-30 01:40:05.275  INFO 32100 --- [restartedMain] c.b.a.AddressBookApplication             : ***** Address Book App Started *****
2020-12-30 02:22:08.711  INFO 18116 --- [restartedMain] c.b.a.AddressBookApplication             : Starting AddressBookApplication using Java 15 on LAPTOP-3DI0D855 with PID 18116 (C:\Users\sippo\Documents\workspace-spring-tool-suite-4-4.8.1.RELEASE\AddressBookApp\target\classes started by sippo in C:\Users\sippo\Documents\workspace-spring-tool-suite-4-4.8.1.RELEASE\AddressBookApp)
2020-12-30 02:22:08.716  INFO 18116 --- [restartedMain] c.b.a.AddressBookApplication             : The following profiles are active: dev
2020-12-30 02:22:08.815  INFO 18116 --- [restartedMain] .e.DevToolsPropertyDefaultsPostProcessor : Devtools property defaults active! Set 'spring.devtools.add-properties' to 'false' to disable
2020-12-30 02:22:08.816  INFO 18116 --- [restartedMain] .e.DevToolsPropertyDefaultsPostProcessor : For additional web related logging consider setting the 'logging.level.web' property to 'DEBUG'
2020-12-30 02:22:10.070  INFO 18116 --- [restartedMain] .s.d.r.c.RepositoryConfigurationDelegate : Bootstrapping Spring Data JPA repositories in DEFAULT mode.
2020-12-30 02:22:10.108  INFO 18116 --- [restartedMain] .s.d.r.c.RepositoryConfigurationDelegate : Finished Spring Data repository scanning in 17 ms. Found 0 JPA repository interfaces.
2020-12-30 02:22:11.184  INFO 18116 --- [restartedMain] o.s.b.w.embedded.tomcat.TomcatWebServer  : Tomcat initialized with port(s): 8080 (http)
2020-12-30 02:22:11.210  INFO 18116 --- [restartedMain] o.apache.catalina.core.StandardService   : Starting service [Tomcat]
2020-12-30 02:22:11.211  INFO 18116 --- [restartedMain] org.apache.catalina.core.StandardEngine  : Starting Servlet engine: [Apache Tomcat/9.0.41]
2020-12-30 02:22:11.436  INFO 18116 --- [restartedMain] o.a.c.c.C.[Tomcat].[localhost].[/]       : Initializing Spring embedded WebApplicationContext
2020-12-30 02:22:11.438  INFO 18116 --- [restartedMain] w.s.c.ServletWebServerApplicationContext : Root WebApplicationContext: initialization completed in 2621 ms
2020-12-30 02:22:11.707  INFO 18116 --- [restartedMain] o.hibernate.jpa.internal.util.LogHelper  : HHH000204: Processing PersistenceUnitInfo [name: default]
2020-12-30 02:22:11.808  INFO 18116 --- [restartedMain] org.hibernate.Version                    : HHH000412: Hibernate ORM core version 5.4.25.Final
2020-12-30 02:22:12.128  INFO 18116 --- [restartedMain] o.hibernate.annotations.common.Version   : HCANN000001: Hibernate Commons Annotations {5.1.2.Final}
2020-12-30 02:22:12.377  INFO 18116 --- [restartedMain] com.zaxxer.hikari.HikariDataSource       : HikariPool-1 - Starting...
2020-12-30 02:22:13.367  INFO 18116 --- [restartedMain] com.zaxxer.hikari.HikariDataSource       : HikariPool-1 - Start completed.
2020-12-30 02:22:13.457  INFO 18116 --- [restartedMain] org.hibernate.dialect.Dialect            : HHH000400: Using dialect: org.hibernate.dialect.MySQL8Dialect
2020-12-30 02:22:14.868  INFO 18116 --- [restartedMain] o.h.e.t.j.p.i.JtaPlatformInitiator       : HHH000490: Using JtaPlatform implementation: [org.hibernate.engine.transaction.jta.platform.internal.NoJtaPlatform]
2020-12-30 02:22:14.893  INFO 18116 --- [restartedMain] j.LocalContainerEntityManagerFactoryBean : Initialized JPA EntityManagerFactory for persistence unit 'default'
2020-12-30 02:22:15.038  INFO 18116 --- [restartedMain] o.s.b.d.a.OptionalLiveReloadServer       : LiveReload server is running on port 35729
2020-12-30 02:22:15.232  WARN 18116 --- [restartedMain] JpaBaseConfiguration$JpaWebConfiguration : spring.jpa.open-in-view is enabled by default. Therefore, database queries may be performed during view rendering. Explicitly configure spring.jpa.open-in-view to disable this warning
2020-12-30 02:22:15.632  INFO 18116 --- [restartedMain] o.s.s.concurrent.ThreadPoolTaskExecutor  : Initializing ExecutorService 'applicationTaskExecutor'
2020-12-30 02:22:16.542  INFO 18116 --- [restartedMain] o.s.b.w.embedded.tomcat.TomcatWebServer  : Tomcat started on port(s): 8080 (http) with context path ''
2020-12-30 02:22:16.593  INFO 18116 --- [restartedMain] c.b.a.AddressBookApplication             : Started AddressBookApplication in 8.717 seconds (JVM running for 10.558)
2020-12-30 02:22:16.622  INFO 18116 --- [restartedMain] c.b.a.AddressBookApplication             : Address Book App Started COMMON Environment 
2020-12-30 02:22:16.625  INFO 18116 --- [restartedMain] c.b.a.AddressBookApplication             : Address Book DB User is addressbookuser 
2020-12-30 02:46:37.043  INFO 25660 --- [restartedMain] c.b.a.AddressBookApplication             : Starting AddressBookApplication using Java 15 on LAPTOP-3DI0D855 with PID 25660 (C:\Users\sippo\Documents\workspace-spring-tool-suite-4-4.8.1.RELEASE\AddressBookApp\target\classes started by sippo in C:\Users\sippo\Documents\workspace-spring-tool-suite-4-4.8.1.RELEASE\AddressBookApp)
2020-12-30 02:46:37.049  INFO 25660 --- [restartedMain] c.b.a.AddressBookApplication             : The following profiles are active: dev
2020-12-30 02:46:37.182  INFO 25660 --- [restartedMain] .e.DevToolsPropertyDefaultsPostProcessor : Devtools property defaults active! Set 'spring.devtools.add-properties' to 'false' to disable
2020-12-30 02:46:37.183  INFO 25660 --- [restartedMain] .e.DevToolsPropertyDefaultsPostProcessor : For additional web related logging consider setting the 'logging.level.web' property to 'DEBUG'
2020-12-30 02:46:38.358  INFO 25660 --- [restartedMain] .s.d.r.c.RepositoryConfigurationDelegate : Bootstrapping Spring Data JPA repositories in DEFAULT mode.
2020-12-30 02:46:38.383  INFO 25660 --- [restartedMain] .s.d.r.c.RepositoryConfigurationDelegate : Finished Spring Data repository scanning in 10 ms. Found 0 JPA repository interfaces.
2020-12-30 02:46:39.564  INFO 25660 --- [restartedMain] o.s.b.w.embedded.tomcat.TomcatWebServer  : Tomcat initialized with port(s): 8080 (http)
2020-12-30 02:46:39.587  INFO 25660 --- [restartedMain] o.apache.catalina.core.StandardService   : Starting service [Tomcat]
2020-12-30 02:46:39.588  INFO 25660 --- [restartedMain] org.apache.catalina.core.StandardEngine  : Starting Servlet engine: [Apache Tomcat/9.0.41]
2020-12-30 02:46:39.862  INFO 25660 --- [restartedMain] o.a.c.c.C.[Tomcat].[localhost].[/]       : Initializing Spring embedded WebApplicationContext
2020-12-30 02:46:39.863  INFO 25660 --- [restartedMain] w.s.c.ServletWebServerApplicationContext : Root WebApplicationContext: initialization completed in 2676 ms
2020-12-30 02:46:40.676  INFO 25660 --- [restartedMain] o.hibernate.jpa.internal.util.LogHelper  : HHH000204: Processing PersistenceUnitInfo [name: default]
2020-12-30 02:46:41.065  INFO 25660 --- [restartedMain] org.hibernate.Version                    : HHH000412: Hibernate ORM core version 5.4.25.Final
2020-12-30 02:46:42.106  INFO 25660 --- [restartedMain] o.hibernate.annotations.common.Version   : HCANN000001: Hibernate Commons Annotations {5.1.2.Final}
2020-12-30 02:46:42.563  INFO 25660 --- [restartedMain] com.zaxxer.hikari.HikariDataSource       : HikariPool-1 - Starting...
2020-12-30 02:46:44.809  INFO 25660 --- [restartedMain] com.zaxxer.hikari.HikariDataSource       : HikariPool-1 - Start completed.
2020-12-30 02:46:44.920  INFO 25660 --- [restartedMain] org.hibernate.dialect.Dialect            : HHH000400: Using dialect: org.hibernate.dialect.MySQL8Dialect
2020-12-30 02:46:46.133  INFO 25660 --- [restartedMain] o.h.e.t.j.p.i.JtaPlatformInitiator       : HHH000490: Using JtaPlatform implementation: [org.hibernate.engine.transaction.jta.platform.internal.NoJtaPlatform]
2020-12-30 02:46:46.159  INFO 25660 --- [restartedMain] j.LocalContainerEntityManagerFactoryBean : Initialized JPA EntityManagerFactory for persistence unit 'default'
2020-12-30 02:46:46.306  INFO 25660 --- [restartedMain] o.s.b.d.a.OptionalLiveReloadServer       : LiveReload server is running on port 35729
2020-12-30 02:46:46.528  WARN 25660 --- [restartedMain] JpaBaseConfiguration$JpaWebConfiguration : spring.jpa.open-in-view is enabled by default. Therefore, database queries may be performed during view rendering. Explicitly configure spring.jpa.open-in-view to disable this warning
2020-12-30 02:46:46.820  INFO 25660 --- [restartedMain] o.s.s.concurrent.ThreadPoolTaskExecutor  : Initializing ExecutorService 'applicationTaskExecutor'
2020-12-30 02:46:47.958  INFO 25660 --- [restartedMain] o.s.b.w.embedded.tomcat.TomcatWebServer  : Tomcat started on port(s): 8080 (http) with context path ''
2020-12-30 02:46:48.007  INFO 25660 --- [restartedMain] c.b.a.AddressBookApplication             : Started AddressBookApplication in 11.651 seconds (JVM running for 13.053)
2020-12-30 02:46:48.023  INFO 25660 --- [restartedMain] c.b.a.AddressBookApplication             : Address Book App Started COMMON Environment 
2020-12-30 02:46:48.027  INFO 25660 --- [restartedMain] c.b.a.AddressBookApplication             : Address Book DB User is addressbookuser 
2020-12-30 02:47:21.071  INFO 25660 --- [Thread-4] o.s.s.concurrent.ThreadPoolTaskExecutor  : Shutting down ExecutorService 'applicationTaskExecutor'
2020-12-30 02:47:21.074  INFO 25660 --- [Thread-4] j.LocalContainerEntityManagerFactoryBean : Closing JPA EntityManagerFactory for persistence unit 'default'
2020-12-30 02:47:21.085  INFO 25660 --- [Thread-4] com.zaxxer.hikari.HikariDataSource       : HikariPool-1 - Shutdown initiated...
2020-12-30 02:47:21.150  INFO 25660 --- [Thread-4] com.zaxxer.hikari.HikariDataSource       : HikariPool-1 - Shutdown completed.
2020-12-30 02:47:21.752  INFO 25660 --- [restartedMain] c.b.a.AddressBookApplication             : Starting AddressBookApplication using Java 15 on LAPTOP-3DI0D855 with PID 25660 (C:\Users\sippo\Documents\workspace-spring-tool-suite-4-4.8.1.RELEASE\AddressBookApp\target\classes started by sippo in C:\Users\sippo\Documents\workspace-spring-tool-suite-4-4.8.1.RELEASE\AddressBookApp)
2020-12-30 02:47:21.754 DEBUG 25660 --- [restartedMain] c.b.a.AddressBookApplication             : Running with Spring Boot v2.4.1, Spring v5.3.2
2020-12-30 02:47:21.755  INFO 25660 --- [restartedMain] c.b.a.AddressBookApplication             : The following profiles are active: dev
2020-12-30 02:47:23.459  WARN 25660 --- [restartedMain] JpaBaseConfiguration$JpaWebConfiguration : spring.jpa.open-in-view is enabled by default. Therefore, database queries may be performed during view rendering. Explicitly configure spring.jpa.open-in-view to disable this warning
2020-12-30 02:47:23.741  INFO 25660 --- [restartedMain] c.b.a.AddressBookApplication             : Started AddressBookApplication in 2.431 seconds (JVM running for 48.786)
2020-12-30 02:47:23.745  INFO 25660 --- [restartedMain] c.b.a.AddressBookApplication             : Address Book App Started dev Environment 
2020-12-30 02:47:23.746  INFO 25660 --- [restartedMain] c.b.a.AddressBookApplication             : Address Book DB User is addressbookuser 
2020-12-30 02:47:25.286  INFO 25660 --- [restartedMain] c.b.a.AddressBookApplication             : Starting AddressBookApplication using Java 15 on LAPTOP-3DI0D855 with PID 25660 (C:\Users\sippo\Documents\workspace-spring-tool-suite-4-4.8.1.RELEASE\AddressBookApp\target\classes started by sippo in C:\Users\sippo\Documents\workspace-spring-tool-suite-4-4.8.1.RELEASE\AddressBookApp)
2020-12-30 02:47:25.286 DEBUG 25660 --- [restartedMain] c.b.a.AddressBookApplication             : Running with Spring Boot v2.4.1, Spring v5.3.2
2020-12-30 02:47:25.286  INFO 25660 --- [restartedMain] c.b.a.AddressBookApplication             : The following profiles are active: dev
2020-12-30 02:47:25.845  WARN 25660 --- [restartedMain] JpaBaseConfiguration$JpaWebConfiguration : spring.jpa.open-in-view is enabled by default. Therefore, database queries may be performed during view rendering. Explicitly configure spring.jpa.open-in-view to disable this warning
2020-12-30 02:47:26.058  INFO 25660 --- [restartedMain] c.b.a.AddressBookApplication             : Started AddressBookApplication in 0.815 seconds (JVM running for 51.104)
2020-12-30 02:47:26.061  INFO 25660 --- [restartedMain] c.b.a.AddressBookApplication             : Address Book App Started dev Environment 
2020-12-30 02:47:26.062  INFO 25660 --- [restartedMain] c.b.a.AddressBookApplication             : Address Book DB User is addressbookuser 
2020-12-30 02:52:27.860  INFO 25660 --- [restartedMain] c.b.a.AddressBookApplication             : Starting AddressBookApplication using Java 15 on LAPTOP-3DI0D855 with PID 25660 (C:\Users\sippo\Documents\workspace-spring-tool-suite-4-4.8.1.RELEASE\AddressBookApp\target\classes started by sippo in C:\Users\sippo\Documents\workspace-spring-tool-suite-4-4.8.1.RELEASE\AddressBookApp)
2020-12-30 02:52:27.861 DEBUG 25660 --- [restartedMain] c.b.a.AddressBookApplication             : Running with Spring Boot v2.4.1, Spring v5.3.2
2020-12-30 02:52:27.861  INFO 25660 --- [restartedMain] c.b.a.AddressBookApplication             : The following profiles are active: dev
2020-12-30 02:52:28.907  WARN 25660 --- [restartedMain] JpaBaseConfiguration$JpaWebConfiguration : spring.jpa.open-in-view is enabled by default. Therefore, database queries may be performed during view rendering. Explicitly configure spring.jpa.open-in-view to disable this warning
2020-12-30 02:52:29.220  INFO 25660 --- [restartedMain] c.b.a.AddressBookApplication             : Started AddressBookApplication in 1.453 seconds (JVM running for 354.265)
2020-12-30 02:52:29.225  INFO 25660 --- [restartedMain] c.b.a.AddressBookApplication             : Address Book App Started dev Environment 
2020-12-30 02:52:29.226  INFO 25660 --- [restartedMain] c.b.a.AddressBookApplication             : Address Book DB User is addressbookuser 
2020-12-30 03:00:38.606  INFO 30172 --- [restartedMain] c.b.a.AddressBookApplication             : Starting AddressBookApplication using Java 15 on LAPTOP-3DI0D855 with PID 30172 (C:\Users\sippo\Documents\workspace-spring-tool-suite-4-4.8.1.RELEASE\AddressBookApp\target\classes started by sippo in C:\Users\sippo\Documents\workspace-spring-tool-suite-4-4.8.1.RELEASE\AddressBookApp)
2020-12-30 03:00:38.613 DEBUG 30172 --- [restartedMain] c.b.a.AddressBookApplication             : Running with Spring Boot v2.4.1, Spring v5.3.2
2020-12-30 03:00:38.614  INFO 30172 --- [restartedMain] c.b.a.AddressBookApplication             : The following profiles are active: dev
2020-12-30 03:00:45.006  WARN 30172 --- [restartedMain] JpaBaseConfiguration$JpaWebConfiguration : spring.jpa.open-in-view is enabled by default. Therefore, database queries may be performed during view rendering. Explicitly configure spring.jpa.open-in-view to disable this warning
2020-12-30 03:00:46.039  INFO 30172 --- [restartedMain] c.b.a.AddressBookApplication             : Started AddressBookApplication in 8.098 seconds (JVM running for 10.003)
2020-12-30 03:00:46.048  INFO 30172 --- [restartedMain] c.b.a.AddressBookApplication             : Address Book App Started dev Environment 
2020-12-30 03:00:46.052  INFO 30172 --- [restartedMain] c.b.a.AddressBookApplication             : Address Book DB User is addressbookuser 
2020-12-30 03:00:46.850  INFO 20276 --- [restartedMain] c.b.a.AddressBookApplication             : Starting AddressBookApplication using Java 15 on LAPTOP-3DI0D855 with PID 20276 (C:\Users\sippo\Documents\workspace-spring-tool-suite-4-4.8.1.RELEASE\AddressBookApp\target\classes started by sippo in C:\Users\sippo\Documents\workspace-spring-tool-suite-4-4.8.1.RELEASE\AddressBookApp)
2020-12-30 03:00:46.857 DEBUG 20276 --- [restartedMain] c.b.a.AddressBookApplication             : Running with Spring Boot v2.4.1, Spring v5.3.2
2020-12-30 03:00:46.858  INFO 20276 --- [restartedMain] c.b.a.AddressBookApplication             : The following profiles are active: dev
2020-12-30 03:00:52.833  WARN 20276 --- [restartedMain] o.s.b.d.a.OptionalLiveReloadServer       : Unable to start LiveReload server
2020-12-30 03:00:53.026  WARN 20276 --- [restartedMain] JpaBaseConfiguration$JpaWebConfiguration : spring.jpa.open-in-view is enabled by default. Therefore, database queries may be performed during view rendering. Explicitly configure spring.jpa.open-in-view to disable this warning
2020-12-30 03:00:53.982  WARN 20276 --- [restartedMain] ConfigServletWebServerApplicationContext : Exception encountered during context initialization - cancelling refresh attempt: org.springframework.context.ApplicationContextException: Failed to start bean 'webServerStartStop'; nested exception is org.springframework.boot.web.server.PortInUseException: Port 8080 is already in use
2020-12-30 03:00:54.093 ERROR 20276 --- [restartedMain] o.s.b.d.LoggingFailureAnalysisReporter   : 

***************************
APPLICATION FAILED TO START
***************************

Description:

Web server failed to start. Port 8080 was already in use.

Action:

Identify and stop the process that's listening on port 8080 or configure this application to listen on another port.

2020-12-30 03:04:16.595  WARN 30172 --- [http-nio-8080-exec-3] .m.m.a.ExceptionHandlerExceptionResolver : Resolved [org.springframework.web.bind.MethodArgumentNotValidException: Validation failed for argument [0] in public org.springframework.http.ResponseEntity<com.bridgelabz.addressbookapp.dto.ResponseDTO> com.bridgelabz.addressbookapp.controllers.AddressBookController.createAddressBookData(com.bridgelabz.addressbookapp.dto.AddressBookDTO) with 2 errors: [Field error in object 'addressBookDTO' on field 'address': rejected value []; codes [NotEmpty.addressBookDTO.address,NotEmpty.address,NotEmpty]; arguments [org.springframework.context.support.DefaultMessageSourceResolvable: codes [addressBookDTO.address,address]; arguments []; default message [address]]; default message [Address cannot be null]] [Field error in object 'addressBookDTO' on field 'name': rejected value [L]; codes [Pattern.addressBookDTO.name,Pattern.name,Pattern]; arguments [org.springframework.context.support.DefaultMessageSourceResolvable: codes [addressBookDTO.name,name]; arguments []; default message [name],[Ljavax.validation.constraints.Pattern$Flag;@596202d4,^[A-Z]{1}[a-zA-Z\s]{2,}$]; default message [must match "^[A-Z]{1}[a-zA-Z\s]{2,}$"]] ]
2020-12-30 03:04:42.811  WARN 30172 --- [http-nio-8080-exec-4] .m.m.a.ExceptionHandlerExceptionResolver : Resolved [org.springframework.web.bind.MethodArgumentNotValidException: Validation failed for argument [0] in public org.springframework.http.ResponseEntity<com.bridgelabz.addressbookapp.dto.ResponseDTO> com.bridgelabz.addressbookapp.controllers.AddressBookController.createAddressBookData(com.bridgelabz.addressbookapp.dto.AddressBookDTO): [Field error in object 'addressBookDTO' on field 'name': rejected value [Li]; codes [Pattern.addressBookDTO.name,Pattern.name,Pattern]; arguments [org.springframework.context.support.DefaultMessageSourceResolvable: codes [addressBookDTO.name,name]; arguments []; default message [name],[Ljavax.validation.constraints.Pattern$Flag;@596202d4,^[A-Z]{1}[a-zA-Z\s]{2,}$]; default message [must match "^[A-Z]{1}[a-zA-Z\s]{2,}$"]] ]
2020-12-30 03:05:56.693  INFO 30172 --- [restartedMain] c.b.a.AddressBookApplication             : Starting AddressBookApplication using Java 15 on LAPTOP-3DI0D855 with PID 30172 (C:\Users\sippo\Documents\workspace-spring-tool-suite-4-4.8.1.RELEASE\AddressBookApp\target\classes started by sippo in C:\Users\sippo\Documents\workspace-spring-tool-suite-4-4.8.1.RELEASE\AddressBookApp)
2020-12-30 03:05:56.694 DEBUG 30172 --- [restartedMain] c.b.a.AddressBookApplication             : Running with Spring Boot v2.4.1, Spring v5.3.2
2020-12-30 03:05:56.694  INFO 30172 --- [restartedMain] c.b.a.AddressBookApplication             : The following profiles are active: dev
2020-12-30 03:05:57.631  WARN 30172 --- [restartedMain] JpaBaseConfiguration$JpaWebConfiguration : spring.jpa.open-in-view is enabled by default. Therefore, database queries may be performed during view rendering. Explicitly configure spring.jpa.open-in-view to disable this warning
2020-12-30 03:05:57.824  INFO 30172 --- [restartedMain] c.b.a.AddressBookApplication             : Started AddressBookApplication in 1.192 seconds (JVM running for 321.789)
2020-12-30 03:05:57.828  INFO 30172 --- [restartedMain] c.b.a.AddressBookApplication             : Address Book App Started dev Environment 
2020-12-30 03:05:57.828  INFO 30172 --- [restartedMain] c.b.a.AddressBookApplication             : Address Book DB User is addressbookuser 
2020-12-30 03:18:49.704  INFO 31824 --- [restartedMain] c.b.a.AddressBookApplication             : Starting AddressBookApplication using Java 15 on LAPTOP-3DI0D855 with PID 31824 (C:\Users\sippo\Documents\workspace-spring-tool-suite-4-4.8.1.RELEASE\AddressBookApp\target\classes started by sippo in C:\Users\sippo\Documents\workspace-spring-tool-suite-4-4.8.1.RELEASE\AddressBookApp)
2020-12-30 03:18:49.716 DEBUG 31824 --- [restartedMain] c.b.a.AddressBookApplication             : Running with Spring Boot v2.4.1, Spring v5.3.2
2020-12-30 03:18:49.717  INFO 31824 --- [restartedMain] c.b.a.AddressBookApplication             : The following profiles are active: dev
2020-12-30 03:18:55.110  WARN 31824 --- [restartedMain] JpaBaseConfiguration$JpaWebConfiguration : spring.jpa.open-in-view is enabled by default. Therefore, database queries may be performed during view rendering. Explicitly configure spring.jpa.open-in-view to disable this warning
2020-12-30 03:18:55.915  INFO 31824 --- [restartedMain] c.b.a.AddressBookApplication             : Started AddressBookApplication in 6.976 seconds (JVM running for 8.299)
2020-12-30 03:18:55.922  INFO 31824 --- [restartedMain] c.b.a.AddressBookApplication             : Address Book App Started dev Environment 
2020-12-30 03:18:55.926  INFO 31824 --- [restartedMain] c.b.a.AddressBookApplication             : Address Book DB User is addressbookuser 
2020-12-30 03:19:37.906  WARN 31824 --- [http-nio-8080-exec-4] .m.m.a.ExceptionHandlerExceptionResolver : Resolved [org.springframework.web.bind.MethodArgumentNotValidException: Validation failed for argument [0] in public org.springframework.http.ResponseEntity<com.bridgelabz.addressbookapp.dto.ResponseDTO> com.bridgelabz.addressbookapp.controllers.AddressBookController.createAddressBookData(com.bridgelabz.addressbookapp.dto.AddressBookDTO): [Field error in object 'addressBookDTO' on field 'name': rejected value [Li]; codes [Pattern.addressBookDTO.name,Pattern.name,Pattern]; arguments [org.springframework.context.support.DefaultMessageSourceResolvable: codes [addressBookDTO.name,name]; arguments []; default message [name],[Ljavax.validation.constraints.Pattern$Flag;@36ff3515,^[A-Z]{1}[a-zA-Z\s]{2,}$]; default message [must match "^[A-Z]{1}[a-zA-Z\s]{2,}$"]] ]
